#! /c/iverilog/bin/vvp
:ivl_version "0.9.7 " "(v0_9_7)";
:vpi_time_precision - 12;
:vpi_module "system";
:vpi_module "v2005_math";
:vpi_module "va_math";
S_0117BBA8 .scope module, "test_bench" "test_bench" 2 4;
 .timescale -9 -12;
v011C1B60_0 .var "a", 15 0;
v011C1E20_0 .var "b", 15 0;
v011C2240_0 .var "clk", 0 0;
v011C1D70_0 .var "clrn", 0 0;
v011C18F8_0 .var "en", 0 0;
v011C2138_0 .net "result", 15 0, L_011C5A40; 1 drivers
S_0117C070 .scope module, "test" "pipelined_16bitfpadder" 2 11, 3 8, S_0117BBA8;
 .timescale -9 -12;
v011C0DF8_0 .net "a", 15 0, v011C1B60_0; 1 drivers
v011C1638_0 .net "a_exp", 4 0, L_011C20E0; 1 drivers
v011C13D0_0 .net "a_inf_nan_frac", 9 0, L_011C0560; 1 drivers
v011C14D8_0 .net "a_is_inf", 0 0, L_011C3230; 1 drivers
v011C0E50_0 .net "a_is_nan", 0 0, L_011C3118; 1 drivers
v011C1588_0 .net "a_large_frac", 10 0, L_011C1A58; 1 drivers
v011C0EA8_0 .net "a_op_sub", 0 0, L_011C29B8; 1 drivers
v011C1690_0 .net "a_sign", 0 0, L_011C1A00; 1 drivers
v011C10B8_0 .net "a_small_frac", 13 0, L_011C5C50; 1 drivers
v011C16E8_0 .net "b", 15 0, v011C1E20_0; 1 drivers
v011C0F58_0 .net "c_exp", 4 0, v011B95F0_0; 1 drivers
v011C1740_0 .net "c_frac", 14 0, L_011C61D0; 1 drivers
v011C1428_0 .net "c_inf_nan_frac", 9 0, v011B9960_0; 1 drivers
v011C1798_0 .net "c_is_inf", 0 0, v011B9D80_0; 1 drivers
v011C12C8_0 .net "c_is_nan", 0 0, v011B96A0_0; 1 drivers
v011C1008_0 .net "c_large_frac", 10 0, v011B96F8_0; 1 drivers
v011C1320_0 .net "c_op_sub", 0 0, v011B9750_0; 1 drivers
v011C17F0_0 .net "c_rm", 1 0, v011B9490_0; 1 drivers
v011C1060_0 .net "c_sign", 0 0, v011BA440_0; 1 drivers
v011C1168_0 .net "c_small_frac", 13 0, v011BA9C0_0; 1 drivers
v011C1110_0 .net "clk", 0 0, v011C2240_0; 1 drivers
v011C1480_0 .net "clrn", 0 0, v011C1D70_0; 1 drivers
v011C1848_0 .net "e", 0 0, v011C18F8_0; 1 drivers
v011C18A0_0 .net "n_exp", 4 0, v011BA1F8_0; 1 drivers
v011C0FB0_0 .net "n_frac", 14 0, v011BA148_0; 1 drivers
v011C11C0_0 .net "n_inf_nan_frac", 9 0, v011B9E30_0; 1 drivers
v011C1218_0 .net "n_is_inf", 0 0, v011B9F90_0; 1 drivers
v011C1270_0 .net "n_is_nan", 0 0, v011B9E88_0; 1 drivers
v011C1C10_0 .net "n_rm", 1 0, v011B9EE0_0; 1 drivers
v011C1C68_0 .net "n_sign", 0 0, v011B9FE8_0; 1 drivers
v011C1950_0 .net "rm", 1 0, C4<00>; 1 drivers
v011C1F28_0 .alias "s", 15 0, v011C2138_0;
v011C1D18_0 .net "sub", 0 0, C4<0>; 1 drivers
S_0117BED8 .scope module, "alignment" "fadd_align" 3 23, 4 3, S_0117C070;
 .timescale -9 -12;
L_011C2948 .functor XOR 1, C4<0>, L_011C2190, C4<0>, C4<0>;
L_011C27F8 .functor XOR 1, C4<0>, L_011C0C98, C4<0>, C4<0>;
L_011C29B8 .functor XOR 1, L_011C27F8, L_011C0BE8, C4<0>, C4<0>;
L_011C2A28 .functor AND 1, L_011C0CF0, L_011C0B38, C4<1>, C4<1>;
L_011C2868 .functor AND 1, L_011C0AE0, L_011C0DA0, C4<1>, C4<1>;
L_011C27C0 .functor NOT 1, L_011C0B38, C4<0>, C4<0>, C4<0>;
L_011C2910 .functor AND 1, L_011C0CF0, L_011C27C0, C4<1>, C4<1>;
L_011C2BE8 .functor NOT 1, L_011C0DA0, C4<0>, C4<0>, C4<0>;
L_011C2B78 .functor AND 1, L_011C0AE0, L_011C2BE8, C4<1>, C4<1>;
L_011C3230 .functor OR 1, L_011C2A28, L_011C2868, C4<0>, C4<0>;
L_011C3038 .functor OR 1, L_011C2910, L_011C2B78, C4<0>, C4<0>;
L_011C2CF0 .functor XOR 1, C4<0>, L_011C02F8, C4<0>, C4<0>;
L_011C3000 .functor XOR 1, L_011C2CF0, L_011C0770, C4<0>, C4<0>;
L_011C2DD0 .functor AND 1, L_011C3000, L_011C2A28, C4<1>, C4<1>;
L_011C3188 .functor AND 1, L_011C2DD0, L_011C2868, C4<1>, C4<1>;
L_011C3118 .functor OR 1, L_011C3038, L_011C3188, C4<0>, C4<0>;
L_011C35D8 .functor AND 1, L_011C0718, L_011C08D0, C4<1>, C4<1>;
v011BAA18_0 .net *"_s1", 14 0, L_011C1CC0; 1 drivers
v011BA7B0_0 .net *"_s100", 9 0, L_011C0350; 1 drivers
v011BAD88_0 .net *"_s102", 0 0, C4<1>; 1 drivers
v011BA6A8_0 .net *"_s105", 8 0, L_011C0980; 1 drivers
v011BA5A0_0 .net *"_s106", 9 0, L_011C03A8; 1 drivers
v011BA3E8_0 .net *"_s11", 4 0, L_011C1AB0; 1 drivers
v011BA2E0_0 .net *"_s110", 9 0, C4<0000000000>; 1 drivers
v011BAD30_0 .net *"_s115", 4 0, L_011C0458; 1 drivers
v011BA968_0 .net *"_s117", 4 0, L_011C04B0; 1 drivers
v011BAC28_0 .net *"_s121", 4 0, L_011C0668; 1 drivers
v011BA700_0 .net *"_s122", 5 0, L_011C06C0; 1 drivers
v011BAC80_0 .net *"_s125", 0 0, C4<0>; 1 drivers
v011BA758_0 .net *"_s126", 5 0, C4<000000>; 1 drivers
v011BAA70_0 .net *"_s128", 0 0, L_011C0718; 1 drivers
v011BA5F8_0 .net *"_s131", 4 0, L_011C07C8; 1 drivers
v011BA498_0 .net *"_s132", 5 0, L_011C0820; 1 drivers
v011BA4F0_0 .net *"_s135", 0 0, C4<0>; 1 drivers
v011BA338_0 .net *"_s136", 5 0, C4<000000>; 1 drivers
v011BA910_0 .net *"_s138", 0 0, L_011C08D0; 1 drivers
v011BACD8_0 .net *"_s142", 4 0, C4<00001>; 1 drivers
v011BA808_0 .net *"_s144", 4 0, L_011C0928; 1 drivers
v011BA860_0 .net *"_s148", 5 0, L_011C6280; 1 drivers
v011BA548_0 .net *"_s15", 4 0, L_011C1FD8; 1 drivers
v011BA8B8_0 .net *"_s151", 0 0, C4<0>; 1 drivers
v011BAB20_0 .net *"_s152", 5 0, C4<001101>; 1 drivers
v011BAB78_0 .net *"_s154", 0 0, L_011C5D00; 1 drivers
v011BABD0_0 .net *"_s156", 12 0, C4<0000000000000>; 1 drivers
v011BB0A0_0 .net *"_s158", 23 0, L_011C5EB8; 1 drivers
v011BB258_0 .net *"_s160", 12 0, C4<0000000000000>; 1 drivers
v011BB0F8_0 .net *"_s162", 23 0, L_011C5F10; 1 drivers
v011BB150_0 .net *"_s164", 23 0, L_011C5DB0; 1 drivers
v011BAE90_0 .net *"_s169", 12 0, L_011C6228; 1 drivers
v011BB1A8_0 .net *"_s171", 10 0, L_011C5CA8; 1 drivers
v011BB048_0 .net *"_s173", 0 0, L_011C6330; 1 drivers
v011BADE0_0 .net *"_s19", 9 0, L_011C1B08; 1 drivers
v011BB200_0 .net *"_s23", 9 0, L_011C2030; 1 drivers
v011BAE38_0 .net *"_s29", 0 0, L_011C2190; 1 drivers
v011BAEE8_0 .net *"_s3", 14 0, L_011C1ED0; 1 drivers
v011BAF40_0 .net *"_s30", 0 0, L_011C2948; 1 drivers
v011BAF98_0 .net *"_s33", 0 0, L_011C21E8; 1 drivers
v011BAFF0_0 .net *"_s37", 0 0, L_011C0C98; 1 drivers
v011BB708_0 .net *"_s38", 0 0, L_011C27F8; 1 drivers
v011BBC88_0 .net *"_s41", 0 0, L_011C0BE8; 1 drivers
v011BBAD0_0 .net *"_s45", 4 0, L_011C0D48; 1 drivers
v011BB8C0_0 .net *"_s49", 4 0, L_011C0878; 1 drivers
v011BBD38_0 .net *"_s53", 9 0, L_011C0A88; 1 drivers
v011BBCE0_0 .net *"_s57", 9 0, L_011C0610; 1 drivers
v011BB868_0 .net *"_s64", 0 0, L_011C27C0; 1 drivers
v011BBBD8_0 .net *"_s68", 0 0, L_011C2BE8; 1 drivers
v011BB550_0 .net *"_s74", 0 0, L_011C3038; 1 drivers
v011BBB28_0 .net *"_s77", 0 0, L_011C02F8; 1 drivers
v011BB5A8_0 .net *"_s78", 0 0, L_011C2CF0; 1 drivers
v011BBA78_0 .net *"_s81", 0 0, L_011C0770; 1 drivers
v011BB398_0 .net *"_s82", 0 0, L_011C3000; 1 drivers
v011BB9C8_0 .net *"_s84", 0 0, L_011C2DD0; 1 drivers
v011BB600_0 .net *"_s86", 0 0, L_011C3188; 1 drivers
v011BBD90_0 .net *"_s91", 8 0, L_011C0B90; 1 drivers
v011BB3F0_0 .net *"_s93", 8 0, L_011C0508; 1 drivers
v011BB970_0 .net *"_s94", 0 0, L_011C09D8; 1 drivers
v011BBB80_0 .net *"_s96", 0 0, C4<1>; 1 drivers
v011BB448_0 .net *"_s99", 8 0, L_011C0C40; 1 drivers
v011BB918_0 .alias "a", 15 0, v011C0DF8_0;
v011BB4A0_0 .alias "b", 15 0, v011C16E8_0;
v011BB760_0 .net "exchange", 0 0, L_011C1DC8; 1 drivers
v011BB2E8_0 .net "exp_diff", 4 0, L_011C05B8; 1 drivers
v011BBC30_0 .net "fp_large", 15 0, L_011C1E78; 1 drivers
v011BB4F8_0 .net "fp_large_expo_is_ff", 0 0, L_011C0CF0; 1 drivers
v011BB658_0 .net "fp_large_frac_is_00", 0 0, L_011C0B38; 1 drivers
v011BB340_0 .net "fp_large_hidden_bit", 0 0, L_011C1F80; 1 drivers
v011BB6B0_0 .net "fp_large_is_inf", 0 0, L_011C2A28; 1 drivers
v011BB7B8_0 .net "fp_large_is_nan", 0 0, L_011C2910; 1 drivers
v011BB810_0 .net "fp_small", 15 0, L_011C1BB8; 1 drivers
v011BBA20_0 .net "fp_small_expo_is_ff", 0 0, L_011C0AE0; 1 drivers
v011BC100_0 .net "fp_small_frac_is_00", 0 0, L_011C0DA0; 1 drivers
v011BBE40_0 .net "fp_small_hidden_bit", 0 0, L_011C19A8; 1 drivers
v011BC050_0 .net "fp_small_is_inf", 0 0, L_011C2868; 1 drivers
v011BC260_0 .net "fp_small_is_nan", 0 0, L_011C2B78; 1 drivers
v011BBFF8_0 .alias "inf_nan_frac", 9 0, v011C13D0_0;
v011BBDE8_0 .alias "large_frac11", 10 0, v011C1588_0;
v011BBE98_0 .net "nan_frac", 9 0, L_011C0400; 1 drivers
v011BBEF0_0 .alias "op_sub", 0 0, v011C0EA8_0;
v011BBF48_0 .alias "s_is_inf", 0 0, v011C14D8_0;
v011BC158_0 .alias "s_is_nan", 0 0, v011C0E50_0;
v011BC208_0 .net "shift_amount", 4 0, L_011C0A30; 1 drivers
v011BC0A8_0 .alias "sign", 0 0, v011C1690_0;
v011BC1B0_0 .net "small_den_only", 0 0, L_011C35D8; 1 drivers
v011BBFA0_0 .net "small_frac11", 10 0, L_011C2088; 1 drivers
v011C0F00_0 .alias "small_frac14", 13 0, v011C10B8_0;
v011C15E0_0 .net "small_frac24", 23 0, L_011C5AF0; 1 drivers
v011C1378_0 .alias "sub", 0 0, v011C1D18_0;
v011C1530_0 .alias "temp_exp", 4 0, v011C1638_0;
L_011C1CC0 .part v011C1E20_0, 0, 15;
L_011C1ED0 .part v011C1B60_0, 0, 15;
L_011C1DC8 .cmp/gt 15, L_011C1CC0, L_011C1ED0;
L_011C1E78 .functor MUXZ 16, v011C1B60_0, v011C1E20_0, L_011C1DC8, C4<>;
L_011C1BB8 .functor MUXZ 16, v011C1E20_0, v011C1B60_0, L_011C1DC8, C4<>;
L_011C1AB0 .part L_011C1E78, 10, 5;
L_011C1F80 .reduce/or L_011C1AB0;
L_011C1FD8 .part L_011C1BB8, 10, 5;
L_011C19A8 .reduce/or L_011C1FD8;
L_011C1B08 .part L_011C1E78, 0, 10;
L_011C1A58 .concat [ 10 1 0 0], L_011C1B08, L_011C1F80;
L_011C2030 .part L_011C1BB8, 0, 10;
L_011C2088 .concat [ 10 1 0 0], L_011C2030, L_011C19A8;
L_011C20E0 .part L_011C1E78, 10, 5;
L_011C2190 .part v011C1E20_0, 15, 1;
L_011C21E8 .part v011C1B60_0, 15, 1;
L_011C1A00 .functor MUXZ 1, L_011C21E8, L_011C2948, L_011C1DC8, C4<>;
L_011C0C98 .part L_011C1E78, 15, 1;
L_011C0BE8 .part L_011C1BB8, 15, 1;
L_011C0D48 .part L_011C1E78, 10, 5;
L_011C0CF0 .reduce/and L_011C0D48;
L_011C0878 .part L_011C1BB8, 10, 5;
L_011C0AE0 .reduce/and L_011C0878;
L_011C0A88 .part L_011C1E78, 0, 10;
L_011C0B38 .reduce/nor L_011C0A88;
L_011C0610 .part L_011C1BB8, 0, 10;
L_011C0DA0 .reduce/nor L_011C0610;
L_011C02F8 .part L_011C1BB8, 15, 1;
L_011C0770 .part L_011C1E78, 15, 1;
L_011C0B90 .part v011C1B60_0, 0, 9;
L_011C0508 .part v011C1E20_0, 0, 9;
L_011C09D8 .cmp/gt 9, L_011C0B90, L_011C0508;
L_011C0C40 .part v011C1B60_0, 0, 9;
L_011C0350 .concat [ 9 1 0 0], L_011C0C40, C4<1>;
L_011C0980 .part v011C1E20_0, 0, 9;
L_011C03A8 .concat [ 9 1 0 0], L_011C0980, C4<1>;
L_011C0400 .functor MUXZ 10, L_011C03A8, L_011C0350, L_011C09D8, C4<>;
L_011C0560 .functor MUXZ 10, C4<0000000000>, L_011C0400, L_011C3118, C4<>;
L_011C0458 .part L_011C1E78, 10, 5;
L_011C04B0 .part L_011C1BB8, 10, 5;
L_011C05B8 .arith/sub 5, L_011C0458, L_011C04B0;
L_011C0668 .part L_011C1E78, 10, 5;
L_011C06C0 .concat [ 5 1 0 0], L_011C0668, C4<0>;
L_011C0718 .cmp/ne 6, L_011C06C0, C4<000000>;
L_011C07C8 .part L_011C1BB8, 10, 5;
L_011C0820 .concat [ 5 1 0 0], L_011C07C8, C4<0>;
L_011C08D0 .cmp/eq 6, L_011C0820, C4<000000>;
L_011C0928 .arith/sub 5, L_011C05B8, C4<00001>;
L_011C0A30 .functor MUXZ 5, L_011C05B8, L_011C0928, L_011C35D8, C4<>;
L_011C6280 .concat [ 5 1 0 0], L_011C0A30, C4<0>;
L_011C5D00 .cmp/ge 6, L_011C6280, C4<001101>;
L_011C5EB8 .concat [ 11 13 0 0], L_011C2088, C4<0000000000000>;
L_011C5F10 .concat [ 13 11 0 0], C4<0000000000000>, L_011C2088;
L_011C5DB0 .shift/r 24, L_011C5F10, L_011C0A30;
L_011C5AF0 .functor MUXZ 24, L_011C5DB0, L_011C5EB8, L_011C5D00, C4<>;
L_011C6228 .part L_011C5AF0, 11, 13;
L_011C5CA8 .part L_011C5AF0, 0, 11;
L_011C6330 .reduce/or L_011C5CA8;
L_011C5C50 .concat [ 1 13 0 0], L_011C6330, L_011C6228;
S_0117C8F0 .scope module, "reg_ac" "reg_align_cal" 3 33, 5 21, S_0117C070;
 .timescale -9 -12;
v011B93E0_0 .alias "a_exp", 4 0, v011C1638_0;
v011B99B8_0 .alias "a_inf_nan_frac", 9 0, v011C13D0_0;
v011B9598_0 .alias "a_is_inf", 0 0, v011C14D8_0;
v011B9C20_0 .alias "a_is_nan", 0 0, v011C0E50_0;
v011B9A10_0 .alias "a_large_frac", 10 0, v011C1588_0;
v011B9908_0 .alias "a_op_sub", 0 0, v011C0EA8_0;
v011B9800_0 .alias "a_rm", 1 0, v011C1950_0;
v011B9CD0_0 .alias "a_sign", 0 0, v011C1690_0;
v011B9858_0 .alias "a_small_frac", 13 0, v011C10B8_0;
v011B95F0_0 .var "c_exp", 4 0;
v011B9960_0 .var "c_inf_nan_frac", 9 0;
v011B9D80_0 .var "c_is_inf", 0 0;
v011B96A0_0 .var "c_is_nan", 0 0;
v011B96F8_0 .var "c_large_frac", 10 0;
v011B9750_0 .var "c_op_sub", 0 0;
v011B9490_0 .var "c_rm", 1 0;
v011BA440_0 .var "c_sign", 0 0;
v011BA9C0_0 .var "c_small_frac", 13 0;
v011BA390_0 .alias "clk", 0 0, v011C1110_0;
v011BAAC8_0 .alias "clrn", 0 0, v011C1480_0;
v011BA650_0 .alias "e", 0 0, v011C1848_0;
S_0117BE50 .scope module, "calculation" "fadd_cal" 3 39, 6 3, S_0117C070;
 .timescale -9 -12;
v011BA040_0 .net *"_s0", 0 0, C4<0>; 1 drivers
v011BA1A0_0 .net *"_s10", 14 0, L_011C5D58; 1 drivers
v011BA0F0_0 .net *"_s14", 14 0, L_011C6070; 1 drivers
v011BA098_0 .net *"_s17", 0 0, C4<0>; 1 drivers
v011BA250_0 .net *"_s18", 14 0, L_011C63E0; 1 drivers
v011B9A68_0 .net *"_s2", 2 0, C4<000>; 1 drivers
v011B9AC0_0 .net *"_s21", 0 0, C4<0>; 1 drivers
v011B98B0_0 .net *"_s22", 14 0, L_011C6120; 1 drivers
v011B9388_0 .net *"_s24", 14 0, L_011C5B48; 1 drivers
v011B92D8_0 .net *"_s27", 0 0, C4<0>; 1 drivers
v011B9B18_0 .net *"_s28", 14 0, L_011C5A98; 1 drivers
v011B9648_0 .net *"_s31", 0 0, C4<0>; 1 drivers
v011B9C78_0 .net *"_s32", 14 0, L_011C5E08; 1 drivers
v011B97A8_0 .net *"_s4", 14 0, L_011C5BA0; 1 drivers
v011B9540_0 .net *"_s8", 0 0, C4<0>; 1 drivers
v011B9B70_0 .net "aligned_large_frac", 13 0, L_011C6178; 1 drivers
v011B9BC8_0 .net "aligned_small_frac", 13 0, L_011C6388; 1 drivers
v011B94E8_0 .alias "cal_frac", 14 0, v011C1740_0;
v011B9D28_0 .alias "large_frac11", 10 0, v011C1008_0;
v011B9330_0 .alias "op_sub", 0 0, v011C1320_0;
v011B9438_0 .alias "small_frac14", 13 0, v011C1168_0;
L_011C5BA0 .concat [ 3 11 1 0], C4<000>, v011B96F8_0, C4<0>;
L_011C6178 .part L_011C5BA0, 0, 14;
L_011C5D58 .concat [ 14 1 0 0], v011BA9C0_0, C4<0>;
L_011C6388 .part L_011C5D58, 0, 14;
L_011C6070 .concat [ 14 1 0 0], L_011C6178, C4<0>;
L_011C63E0 .concat [ 14 1 0 0], L_011C6388, C4<0>;
L_011C6120 .arith/sub 15, L_011C6070, L_011C63E0;
L_011C5B48 .concat [ 14 1 0 0], L_011C6178, C4<0>;
L_011C5A98 .concat [ 14 1 0 0], L_011C6388, C4<0>;
L_011C5E08 .arith/sum 15, L_011C5B48, L_011C5A98;
L_011C61D0 .functor MUXZ 15, L_011C5E08, L_011C6120, v011B9750_0, C4<>;
S_0117C6D0 .scope module, "reg_cn" "reg_cal_norm" 3 47, 7 21, S_0117C070;
 .timescale -9 -12;
v011B8F68_0 .alias "c_exp", 4 0, v011C0F58_0;
v011B8EB8_0 .alias "c_frac", 14 0, v011C1740_0;
v011B8F10_0 .alias "c_inf_nan_frac", 9 0, v011C1428_0;
v011B8BF8_0 .alias "c_is_inf", 0 0, v011C1798_0;
v011B8FC0_0 .alias "c_is_nan", 0 0, v011C12C8_0;
v011B8CA8_0 .alias "c_rm", 1 0, v011C17F0_0;
v011B9018_0 .alias "c_sign", 0 0, v011C1060_0;
v011B9070_0 .alias "clk", 0 0, v011C1110_0;
v011B9F38_0 .alias "clrn", 0 0, v011C1480_0;
v011B9DD8_0 .alias "e", 0 0, v011C1848_0;
v011BA1F8_0 .var "n_exp", 4 0;
v011BA148_0 .var "n_frac", 14 0;
v011B9E30_0 .var "n_inf_nan_frac", 9 0;
v011B9F90_0 .var "n_is_inf", 0 0;
v011B9E88_0 .var "n_is_nan", 0 0;
v011B9EE0_0 .var "n_rm", 1 0;
v011B9FE8_0 .var "n_sign", 0 0;
E_0117FC58/0 .event negedge, v011B9F38_0;
E_0117FC58/1 .event posedge, v011B9070_0;
E_0117FC58 .event/or E_0117FC58/0, E_0117FC58/1;
S_0117BA10 .scope module, "normalization" "fadd_norm" 3 51, 8 3, S_0117C070;
 .timescale -9 -12;
L_011C8B80 .functor NOT 1, L_011C48B8, C4<0>, C4<0>, C4<0>;
L_011C8598 .functor NOT 1, L_011C45F8, C4<0>, C4<0>, C4<0>;
L_011C85D0 .functor NOT 1, L_011C4DE0, C4<0>, C4<0>, C4<0>;
L_011C88E0 .functor AND 1, L_011C8598, L_011C85D0, C4<1>, C4<1>;
L_011C8790 .functor AND 1, L_011C88E0, L_011C4E38, C4<1>, C4<1>;
L_011C8800 .functor OR 1, L_011C4E90, L_011C4498, C4<0>, C4<0>;
L_011C8870 .functor AND 1, L_011C8790, L_011C8800, C4<1>, C4<1>;
L_011C8A68 .functor NOT 1, L_011C44F0, C4<0>, C4<0>, C4<0>;
L_011C8988 .functor NOT 1, L_011C56D0, C4<0>, C4<0>, C4<0>;
L_011C8A30 .functor AND 1, L_011C8A68, L_011C8988, C4<1>, C4<1>;
L_011C84B8 .functor AND 1, L_011C8A30, L_011C50A0, C4<1>, C4<1>;
L_0116CFB8 .functor NOT 1, L_011C51A8, C4<0>, C4<0>, C4<0>;
L_011C9B90 .functor AND 1, L_011C84B8, L_0116CFB8, C4<1>, C4<1>;
L_011C9AB0 .functor NOT 1, L_011C52B0, C4<0>, C4<0>, C4<0>;
L_011C97A0 .functor AND 1, L_011C9B90, L_011C9AB0, C4<1>, C4<1>;
L_011C9880 .functor AND 1, L_011C97A0, L_011C5200, C4<1>, C4<1>;
L_011C9768 .functor OR 1, L_011C8870, L_011C9880, C4<0>, C4<0>;
L_011C9928 .functor NOT 1, L_011C53B8, C4<0>, C4<0>, C4<0>;
L_011C9650 .functor AND 1, L_011C9928, L_011C5048, C4<1>, C4<1>;
L_011C96F8 .functor OR 1, L_011C57D8, L_011C5518, C4<0>, C4<0>;
L_011C9810 .functor OR 1, L_011C96F8, L_011C5150, C4<0>, C4<0>;
L_011C9A40 .functor AND 1, L_011C9650, L_011C9810, C4<1>, C4<1>;
L_011C9960 .functor AND 1, L_011C9A40, v011B9FE8_0, C4<1>, C4<1>;
L_011C99D0 .functor OR 1, L_011C9768, L_011C9960, C4<0>, C4<0>;
L_011C9BC8 .functor NOT 1, L_011C5728, C4<0>, C4<0>, C4<0>;
L_011CA4D0 .functor AND 1, L_011C5258, L_011C9BC8, C4<1>, C4<1>;
L_011C9FC8 .functor OR 1, L_011C5308, L_011C5990, C4<0>, C4<0>;
L_011CA038 .functor OR 1, L_011C9FC8, L_011C59E8, C4<0>, C4<0>;
L_011CA2A0 .functor AND 1, L_011CA4D0, L_011CA038, C4<1>, C4<1>;
L_011C9E78 .functor NOT 1, v011B9FE8_0, C4<0>, C4<0>, C4<0>;
L_011CA070 .functor AND 1, L_011CA2A0, L_011C9E78, C4<1>, C4<1>;
L_011C9DD0 .functor OR 1, L_011C99D0, L_011CA070, C4<0>, C4<0>;
L_011CA380 .functor OR 1, L_011C5410, L_011C5468, C4<0>, C4<0>;
v01181DB0_0 .net *"_s10", 7 0, C4<00000000>; 1 drivers
v01181B48_0 .net *"_s101", 0 0, L_011C4E90; 1 drivers
v01181BF8_0 .net *"_s103", 0 0, L_011C4498; 1 drivers
v01181CA8_0 .net *"_s104", 0 0, L_011C8800; 1 drivers
v01181E08_0 .net *"_s106", 0 0, L_011C8870; 1 drivers
v01181D58_0 .net *"_s109", 0 0, L_011C44F0; 1 drivers
v01181E60_0 .net *"_s110", 0 0, L_011C8A68; 1 drivers
v011818E0_0 .net *"_s113", 0 0, L_011C56D0; 1 drivers
v01181EB8_0 .net *"_s114", 0 0, L_011C8988; 1 drivers
v01181F10_0 .net *"_s116", 0 0, L_011C8A30; 1 drivers
v01181F68_0 .net *"_s119", 0 0, L_011C50A0; 1 drivers
v01181FC0_0 .net *"_s12", 13 0, L_011C60C8; 1 drivers
v01182070_0 .net *"_s120", 0 0, L_011C84B8; 1 drivers
v01182120_0 .net *"_s123", 0 0, L_011C51A8; 1 drivers
v01182178_0 .net *"_s124", 0 0, L_0116CFB8; 1 drivers
v011821D0_0 .net *"_s126", 0 0, L_011C9B90; 1 drivers
v01182280_0 .net *"_s129", 0 0, L_011C52B0; 1 drivers
v011822D8_0 .net *"_s130", 0 0, L_011C9AB0; 1 drivers
v01182750_0 .net *"_s132", 0 0, L_011C97A0; 1 drivers
v011826A0_0 .net *"_s135", 0 0, L_011C5200; 1 drivers
v01182800_0 .net *"_s136", 0 0, L_011C9880; 1 drivers
v01182648_0 .net *"_s138", 0 0, L_011C9768; 1 drivers
v011826F8_0 .net *"_s14", 15 0, L_011C4700; 1 drivers
v011825F0_0 .net *"_s141", 0 0, L_011C53B8; 1 drivers
v011824E8_0 .net *"_s142", 0 0, L_011C9928; 1 drivers
v011827A8_0 .net *"_s145", 0 0, L_011C5048; 1 drivers
v01182388_0 .net *"_s146", 0 0, L_011C9650; 1 drivers
v01182438_0 .net *"_s149", 0 0, L_011C57D8; 1 drivers
v011823E0_0 .net *"_s151", 0 0, L_011C5518; 1 drivers
v01182490_0 .net *"_s152", 0 0, L_011C96F8; 1 drivers
v01182540_0 .net *"_s155", 0 0, L_011C5150; 1 drivers
v01182598_0 .net *"_s156", 0 0, L_011C9810; 1 drivers
v011B7DA8_0 .net *"_s158", 0 0, L_011C9A40; 1 drivers
v011B7E00_0 .net *"_s160", 0 0, L_011C9960; 1 drivers
v011B8068_0 .net *"_s162", 0 0, L_011C99D0; 1 drivers
v011B7E58_0 .net *"_s165", 0 0, L_011C5258; 1 drivers
v011B7D50_0 .net *"_s167", 0 0, L_011C5728; 1 drivers
v011B7EB0_0 .net *"_s168", 0 0, L_011C9BC8; 1 drivers
v011B7F08_0 .net *"_s17", 1 0, C4<00>; 1 drivers
v011B7BF0_0 .net *"_s170", 0 0, L_011CA4D0; 1 drivers
v011B7F60_0 .net *"_s173", 0 0, L_011C5308; 1 drivers
v011B7FB8_0 .net *"_s175", 0 0, L_011C5990; 1 drivers
v011B7C48_0 .net *"_s176", 0 0, L_011C9FC8; 1 drivers
v011B8010_0 .net *"_s179", 0 0, L_011C59E8; 1 drivers
v011B7CA0_0 .net *"_s180", 0 0, L_011CA038; 1 drivers
v011B7CF8_0 .net *"_s182", 0 0, L_011CA2A0; 1 drivers
v011B74B8_0 .net *"_s184", 0 0, L_011C9E78; 1 drivers
v011B70F0_0 .net *"_s186", 0 0, L_011CA070; 1 drivers
v011B7A90_0 .net *"_s19", 13 0, L_011C62D8; 1 drivers
v011B7828_0 .net *"_s190", 0 0, C4<0>; 1 drivers
v011B7408_0 .net *"_s193", 10 0, L_011C50F8; 1 drivers
v011B7778_0 .net *"_s194", 11 0, L_011C54C0; 1 drivers
v011B7358_0 .net *"_s196", 11 0, L_011C5570; 1 drivers
v011B7AE8_0 .net *"_s199", 10 0, C4<00000000000>; 1 drivers
v011B7250_0 .net *"_s20", 15 0, L_011C4EE8; 1 drivers
v011B7510_0 .net *"_s203", 0 0, L_011C5360; 1 drivers
v011B7720_0 .net *"_s204", 4 0, C4<00001>; 1 drivers
v011B7148_0 .net *"_s206", 4 0, L_011C5830; 1 drivers
v011B7568_0 .net *"_s211", 0 0, L_011C5410; 1 drivers
v011B7460_0 .net *"_s213", 0 0, L_011C5468; 1 drivers
v011B7B40_0 .net *"_s217", 9 0, L_011C5888; 1 drivers
v011B7A38_0 .net *"_s23", 1 0, C4<00>; 1 drivers
v011B71F8_0 .net *"_s29", 3 0, L_011C4D30; 1 drivers
v011B75C0_0 .net *"_s3", 7 0, L_011C5E60; 1 drivers
v011B73B0_0 .net *"_s31", 0 0, L_011C4AC8; 1 drivers
v011B7B98_0 .net *"_s33", 0 0, L_011C4860; 1 drivers
v011B7618_0 .net *"_s35", 9 0, L_011C4910; 1 drivers
v011B72A8_0 .net *"_s36", 3 0, C4<0000>; 1 drivers
v011B7300_0 .net *"_s38", 13 0, L_011C4A18; 1 drivers
v011B71A0_0 .net *"_s40", 15 0, L_011C4B20; 1 drivers
v011B7988_0 .net *"_s43", 1 0, C4<00>; 1 drivers
v011B7670_0 .net *"_s49", 1 0, L_011C4650; 1 drivers
v011B76C8_0 .net *"_s5", 0 0, L_011C6018; 1 drivers
v011B77D0_0 .net *"_s51", 0 0, L_011C4C80; 1 drivers
v011B7880_0 .net *"_s53", 0 0, L_011C4B78; 1 drivers
v011B78D8_0 .net *"_s55", 11 0, L_011C4BD0; 1 drivers
v011B7930_0 .net *"_s56", 1 0, C4<00>; 1 drivers
v011B79E0_0 .net *"_s58", 13 0, L_011C4CD8; 1 drivers
v011B8200_0 .net *"_s60", 15 0, L_011C4A70; 1 drivers
v011B8150_0 .net *"_s63", 1 0, C4<00>; 1 drivers
v011B8A98_0 .net *"_s69", 0 0, L_011C48B8; 1 drivers
v011B8AF0_0 .net *"_s7", 0 0, L_011C5FC0; 1 drivers
v011B8938_0 .net *"_s70", 0 0, L_011C8B80; 1 drivers
v011B83B8_0 .net *"_s73", 0 0, L_011C45A0; 1 drivers
v011B84C0_0 .net *"_s75", 12 0, L_011C46A8; 1 drivers
v011B86D0_0 .net *"_s76", 0 0, C4<0>; 1 drivers
v011B8468_0 .net *"_s78", 13 0, L_011C4808; 1 drivers
v011B8360_0 .net *"_s80", 15 0, L_011C4968; 1 drivers
v011B8BA0_0 .net *"_s83", 1 0, C4<00>; 1 drivers
v011B8990_0 .net *"_s87", 0 0, L_011C45F8; 1 drivers
v011B8B48_0 .net *"_s88", 0 0, L_011C8598; 1 drivers
v011B8A40_0 .net *"_s9", 5 0, L_011C5F68; 1 drivers
v011B8678_0 .net *"_s91", 0 0, L_011C4DE0; 1 drivers
v011B8518_0 .net *"_s92", 0 0, L_011C85D0; 1 drivers
v011B8830_0 .net *"_s94", 0 0, L_011C88E0; 1 drivers
v011B8410_0 .net *"_s97", 0 0, L_011C4E38; 1 drivers
v011B8888_0 .net *"_s98", 0 0, L_011C8790; 1 drivers
v011B88E0_0 .alias "cal_frac", 14 0, v011C0FB0_0;
v011B89E8_0 .var "exp0", 4 0;
v011B80F8_0 .net "exponent", 4 0, L_011C5780; 1 drivers
v011B81A8_0 .net "f0", 15 0, L_011C49C0; 1 drivers
v011B8258_0 .net "f1", 15 0, L_011C4D88; 1 drivers
v011B82B0_0 .net "f2", 15 0, L_011C4C28; 1 drivers
v011B8308_0 .net "f3", 15 0, L_011C4F40; 1 drivers
v011B8728_0 .var "frac0", 13 0;
v011B8570_0 .net "frac_plus_1", 0 0, L_011C9DD0; 1 drivers
v011B8780_0 .net "frac_round", 11 0, L_011C5938; 1 drivers
v011B85C8_0 .alias "inf_nan_frac", 9 0, v011C11C0_0;
v011B8620_0 .alias "is_inf", 0 0, v011C1218_0;
v011B87D8_0 .alias "is_nan", 0 0, v011C1270_0;
v011B8D58_0 .net "overflow", 0 0, L_011CA380; 1 drivers
v011B8C50_0 .alias "rm", 1 0, v011C1C10_0;
v011B8DB0_0 .alias "s", 15 0, v011C2138_0;
v011B8E08_0 .alias "sign", 0 0, v011C1C68_0;
v011B8E60_0 .alias "temp_exp", 4 0, v011C18A0_0;
RS_01186804 .resolv tri, L_011C5BF8, L_011C4758, L_011C4548, L_011C47B0;
v011B8D00_0 .net8 "zeros", 3 0, RS_01186804; 4 drivers
E_0117FA38 .event edge, v011B88E0_0, v011B8E60_0, v011B8D00_0, v011B81A8_0;
L_011C5BF8 .part/pv L_011C6018, 3, 1, 4;
L_011C5E60 .part v011BA148_0, 6, 8;
L_011C6018 .reduce/nor L_011C5E60;
L_011C5FC0 .part RS_01186804, 3, 1;
L_011C5F68 .part v011BA148_0, 0, 6;
L_011C60C8 .concat [ 8 6 0 0], C4<00000000>, L_011C5F68;
L_011C4700 .concat [ 14 2 0 0], L_011C60C8, C4<00>;
L_011C62D8 .part v011BA148_0, 0, 14;
L_011C4EE8 .concat [ 14 2 0 0], L_011C62D8, C4<00>;
L_011C4F40 .functor MUXZ 16, L_011C4EE8, L_011C4700, L_011C5FC0, C4<>;
L_011C4758 .part/pv L_011C4AC8, 2, 1, 4;
L_011C4D30 .part L_011C4F40, 10, 4;
L_011C4AC8 .reduce/nor L_011C4D30;
L_011C4860 .part RS_01186804, 2, 1;
L_011C4910 .part L_011C4F40, 0, 10;
L_011C4A18 .concat [ 4 10 0 0], C4<0000>, L_011C4910;
L_011C4B20 .concat [ 14 2 0 0], L_011C4A18, C4<00>;
L_011C4C28 .functor MUXZ 16, L_011C4F40, L_011C4B20, L_011C4860, C4<>;
L_011C4548 .part/pv L_011C4C80, 1, 1, 4;
L_011C4650 .part L_011C4C28, 12, 2;
L_011C4C80 .reduce/nor L_011C4650;
L_011C4B78 .part RS_01186804, 1, 1;
L_011C4BD0 .part L_011C4C28, 0, 12;
L_011C4CD8 .concat [ 2 12 0 0], C4<00>, L_011C4BD0;
L_011C4A70 .concat [ 14 2 0 0], L_011C4CD8, C4<00>;
L_011C4D88 .functor MUXZ 16, L_011C4C28, L_011C4A70, L_011C4B78, C4<>;
L_011C47B0 .part/pv L_011C8B80, 0, 1, 4;
L_011C48B8 .part L_011C4D88, 13, 1;
L_011C45A0 .part RS_01186804, 0, 1;
L_011C46A8 .part L_011C4D88, 0, 13;
L_011C4808 .concat [ 1 13 0 0], C4<0>, L_011C46A8;
L_011C4968 .concat [ 14 2 0 0], L_011C4808, C4<00>;
L_011C49C0 .functor MUXZ 16, L_011C4D88, L_011C4968, L_011C45A0, C4<>;
L_011C45F8 .part v011B9EE0_0, 1, 1;
L_011C4DE0 .part v011B9EE0_0, 0, 1;
L_011C4E38 .part v011B8728_0, 2, 1;
L_011C4E90 .part v011B8728_0, 1, 1;
L_011C4498 .part v011B8728_0, 0, 1;
L_011C44F0 .part v011B9EE0_0, 1, 1;
L_011C56D0 .part v011B9EE0_0, 0, 1;
L_011C50A0 .part v011B8728_0, 2, 1;
L_011C51A8 .part v011B8728_0, 1, 1;
L_011C52B0 .part v011B8728_0, 0, 1;
L_011C5200 .part v011B8728_0, 3, 1;
L_011C53B8 .part v011B9EE0_0, 1, 1;
L_011C5048 .part v011B9EE0_0, 0, 1;
L_011C57D8 .part v011B8728_0, 2, 1;
L_011C5518 .part v011B8728_0, 1, 1;
L_011C5150 .part v011B8728_0, 0, 1;
L_011C5258 .part v011B9EE0_0, 1, 1;
L_011C5728 .part v011B9EE0_0, 0, 1;
L_011C5308 .part v011B8728_0, 2, 1;
L_011C5990 .part v011B8728_0, 1, 1;
L_011C59E8 .part v011B8728_0, 0, 1;
L_011C50F8 .part v011B8728_0, 3, 11;
L_011C54C0 .concat [ 11 1 0 0], L_011C50F8, C4<0>;
L_011C5570 .concat [ 1 11 0 0], L_011C9DD0, C4<00000000000>;
L_011C5938 .arith/sum 12, L_011C54C0, L_011C5570;
L_011C5360 .part L_011C5938, 11, 1;
L_011C5830 .arith/sum 5, v011B89E8_0, C4<00001>;
L_011C5780 .functor MUXZ 5, v011B89E8_0, L_011C5830, L_011C5360, C4<>;
L_011C5410 .reduce/and v011B89E8_0;
L_011C5468 .reduce/and L_011C5780;
L_011C5888 .part L_011C5938, 0, 10;
L_011C5A40 .ufunc TD_test_bench.test.normalization.final_result, 16, L_011CA380, v011B9EE0_0, v011B9FE8_0, v011B9E88_0, v011B9F90_0, L_011C5780, L_011C5888, v011B9E30_0 (v011819E8_0, v01181A40_0, v01181BA0_0, v01181AF0_0, v01181D00_0, v01182228_0, v01181938_0, v01181A98_0) v01182330_0 S_0117C180;
S_0117C180 .scope function, "final_result" "final_result" 8 55, 8 55, S_0117BA10;
 .timescale -9 -12;
v01182228_0 .var "exponent", 4 0;
v01182330_0 .var "final_result", 15 0;
v01181938_0 .var "fraction", 9 0;
v01181A98_0 .var "inf_nan_frac", 9 0;
v01181D00_0 .var "is_inf", 0 0;
v01181AF0_0 .var "is_nan", 0 0;
v011819E8_0 .var "overflow", 0 0;
v01181A40_0 .var "rm", 1 0;
v01181BA0_0 .var "sign", 0 0;
TD_test_bench.test.normalization.final_result ;
    %load/v 8, v01181D00_0, 1;
    %load/v 9, v01181AF0_0, 1;
    %load/v 10, v01181BA0_0, 1;
    %load/v 11, v01181A40_0, 2;
    %load/v 13, v011819E8_0, 1;
    %mov 14, 2, 1;
    %movi 15, 0, 1;
    %mov 16, 2, 1;
    %movi 17, 4, 3;
    %cmp/x 8, 14, 6;
    %jmp/1 T_0.0, 4;
    %mov 20, 2, 1;
    %movi 21, 20, 5;
    %cmp/x 8, 20, 6;
    %jmp/1 T_0.1, 4;
    %mov 26, 2, 1;
    %movi 27, 22, 5;
    %cmp/x 8, 26, 6;
    %jmp/1 T_0.2, 4;
    %mov 32, 2, 1;
    %movi 33, 24, 5;
    %cmp/x 8, 32, 6;
    %jmp/1 T_0.3, 4;
    %mov 38, 2, 1;
    %movi 39, 26, 5;
    %cmp/x 8, 38, 6;
    %jmp/1 T_0.4, 4;
    %mov 44, 2, 1;
    %movi 45, 0, 1;
    %mov 46, 2, 1;
    %movi 47, 7, 3;
    %cmp/x 8, 44, 6;
    %jmp/1 T_0.5, 4;
    %movi 50, 0, 2;
    %mov 52, 2, 3;
    %movi 55, 0, 1;
    %cmp/x 8, 50, 6;
    %jmp/1 T_0.6, 4;
    %mov 56, 2, 1;
    %movi 57, 1, 1;
    %mov 58, 2, 4;
    %cmp/x 8, 56, 6;
    %jmp/1 T_0.7, 4;
    %movi 62, 1, 2;
    %mov 64, 2, 4;
    %cmp/x 8, 62, 6;
    %jmp/1 T_0.8, 4;
    %mov 68, 0, 10;
    %mov 78, 0, 5;
    %load/v 83, v01181BA0_0, 1;
    %set/v v01182330_0, 68, 16;
    %jmp T_0.10;
T_0.0 ;
    %mov 8, 0, 10;
    %mov 18, 1, 5;
    %load/v 23, v01181BA0_0, 1;
    %set/v v01182330_0, 8, 16;
    %jmp T_0.10;
T_0.1 ;
    %mov 8, 1, 10;
    %movi 24, 30, 5;
    %mov 18, 24, 5;
    %load/v 23, v01181BA0_0, 1;
    %set/v v01182330_0, 8, 16;
    %jmp T_0.10;
T_0.2 ;
    %mov 8, 0, 10;
    %mov 18, 1, 5;
    %load/v 23, v01181BA0_0, 1;
    %set/v v01182330_0, 8, 16;
    %jmp T_0.10;
T_0.3 ;
    %mov 8, 0, 10;
    %mov 18, 1, 5;
    %load/v 23, v01181BA0_0, 1;
    %set/v v01182330_0, 8, 16;
    %jmp T_0.10;
T_0.4 ;
    %mov 8, 1, 10;
    %movi 24, 30, 5;
    %mov 18, 24, 5;
    %load/v 23, v01181BA0_0, 1;
    %set/v v01182330_0, 8, 16;
    %jmp T_0.10;
T_0.5 ;
    %mov 8, 1, 10;
    %movi 24, 30, 5;
    %mov 18, 24, 5;
    %load/v 23, v01181BA0_0, 1;
    %set/v v01182330_0, 8, 16;
    %jmp T_0.10;
T_0.6 ;
    %load/v 8, v01181938_0, 10;
    %load/v 18, v01182228_0, 5;
    %load/v 23, v01181BA0_0, 1;
    %set/v v01182330_0, 8, 16;
    %jmp T_0.10;
T_0.7 ;
    %load/v 8, v01181A98_0, 10;
    %mov 18, 1, 5;
    %mov 23, 1, 1;
    %set/v v01182330_0, 8, 16;
    %jmp T_0.10;
T_0.8 ;
    %load/v 8, v01181A98_0, 10;
    %mov 18, 1, 5;
    %load/v 23, v01181BA0_0, 1;
    %set/v v01182330_0, 8, 16;
    %jmp T_0.10;
T_0.10 ;
    %end;
    .scope S_0117C8F0;
T_1 ;
    %wait E_0117FC58;
    %load/v 8, v011BAAC8_0, 1;
    %inv 8, 1;
    %jmp/0xz  T_1.0, 8;
    %ix/load 0, 2, 0;
    %assign/v0 v011B9490_0, 0, 0;
    %ix/load 0, 1, 0;
    %assign/v0 v011B96A0_0, 0, 0;
    %ix/load 0, 1, 0;
    %assign/v0 v011B9D80_0, 0, 0;
    %ix/load 0, 10, 0;
    %assign/v0 v011B9960_0, 0, 0;
    %ix/load 0, 1, 0;
    %assign/v0 v011BA440_0, 0, 0;
    %ix/load 0, 5, 0;
    %assign/v0 v011B95F0_0, 0, 0;
    %ix/load 0, 1, 0;
    %assign/v0 v011B9750_0, 0, 0;
    %ix/load 0, 11, 0;
    %assign/v0 v011B96F8_0, 0, 0;
    %ix/load 0, 14, 0;
    %assign/v0 v011BA9C0_0, 0, 0;
    %jmp T_1.1;
T_1.0 ;
    %load/v 8, v011BA650_0, 1;
    %jmp/0xz  T_1.2, 8;
    %load/v 8, v011B9800_0, 2;
    %ix/load 0, 2, 0;
    %assign/v0 v011B9490_0, 0, 8;
    %load/v 8, v011B9C20_0, 1;
    %ix/load 0, 1, 0;
    %assign/v0 v011B96A0_0, 0, 8;
    %load/v 8, v011B9598_0, 1;
    %ix/load 0, 1, 0;
    %assign/v0 v011B9D80_0, 0, 8;
    %load/v 8, v011B99B8_0, 10;
    %ix/load 0, 10, 0;
    %assign/v0 v011B9960_0, 0, 8;
    %load/v 8, v011B9CD0_0, 1;
    %ix/load 0, 1, 0;
    %assign/v0 v011BA440_0, 0, 8;
    %load/v 8, v011B93E0_0, 5;
    %ix/load 0, 5, 0;
    %assign/v0 v011B95F0_0, 0, 8;
    %load/v 8, v011B9908_0, 1;
    %ix/load 0, 1, 0;
    %assign/v0 v011B9750_0, 0, 8;
    %load/v 8, v011B9A10_0, 11;
    %ix/load 0, 11, 0;
    %assign/v0 v011B96F8_0, 0, 8;
    %load/v 8, v011B9858_0, 14;
    %ix/load 0, 14, 0;
    %assign/v0 v011BA9C0_0, 0, 8;
T_1.2 ;
T_1.1 ;
    %jmp T_1;
    .thread T_1;
    .scope S_0117C6D0;
T_2 ;
    %wait E_0117FC58;
    %load/v 8, v011B9F38_0, 1;
    %inv 8, 1;
    %jmp/0xz  T_2.0, 8;
    %ix/load 0, 2, 0;
    %assign/v0 v011B9EE0_0, 0, 0;
    %ix/load 0, 1, 0;
    %assign/v0 v011B9E88_0, 0, 0;
    %ix/load 0, 1, 0;
    %assign/v0 v011B9F90_0, 0, 0;
    %ix/load 0, 10, 0;
    %assign/v0 v011B9E30_0, 0, 0;
    %ix/load 0, 1, 0;
    %assign/v0 v011B9FE8_0, 0, 0;
    %ix/load 0, 5, 0;
    %assign/v0 v011BA1F8_0, 0, 0;
    %ix/load 0, 15, 0;
    %assign/v0 v011BA148_0, 0, 0;
    %jmp T_2.1;
T_2.0 ;
    %load/v 8, v011B9DD8_0, 1;
    %jmp/0xz  T_2.2, 8;
    %load/v 8, v011B8CA8_0, 2;
    %ix/load 0, 2, 0;
    %assign/v0 v011B9EE0_0, 0, 8;
    %load/v 8, v011B8FC0_0, 1;
    %ix/load 0, 1, 0;
    %assign/v0 v011B9E88_0, 0, 8;
    %load/v 8, v011B8BF8_0, 1;
    %ix/load 0, 1, 0;
    %assign/v0 v011B9F90_0, 0, 8;
    %load/v 8, v011B8F10_0, 10;
    %ix/load 0, 10, 0;
    %assign/v0 v011B9E30_0, 0, 8;
    %load/v 8, v011B9018_0, 1;
    %ix/load 0, 1, 0;
    %assign/v0 v011B9FE8_0, 0, 8;
    %load/v 8, v011B8F68_0, 5;
    %ix/load 0, 5, 0;
    %assign/v0 v011BA1F8_0, 0, 8;
    %load/v 8, v011B8EB8_0, 15;
    %ix/load 0, 15, 0;
    %assign/v0 v011BA148_0, 0, 8;
T_2.2 ;
T_2.1 ;
    %jmp T_2;
    .thread T_2;
    .scope S_0117BA10;
T_3 ;
    %wait E_0117FA38;
    %ix/load 1, 14, 0;
    %mov 4, 0, 1;
    %jmp/1 T_3.0, 4;
    %load/x1p 8, v011B88E0_0, 1;
    %jmp T_3.1;
T_3.0 ;
    %mov 8, 2, 1;
T_3.1 ;
; Save base=8 wid=1 in lookaside.
    %jmp/0xz  T_3.2, 8;
    %ix/load 1, 1, 0;
    %mov 4, 0, 1;
    %jmp/1 T_3.4, 4;
    %load/x1p 8, v011B88E0_0, 14;
    %jmp T_3.5;
T_3.4 ;
    %mov 8, 2, 14;
T_3.5 ;
; Save base=8 wid=14 in lookaside.
    %set/v v011B8728_0, 8, 14;
    %load/v 8, v011B8E60_0, 5;
    %mov 13, 0, 3;
    %addi 8, 1, 8;
    %set/v v011B89E8_0, 8, 5;
    %jmp T_3.3;
T_3.2 ;
    %load/v 8, v011B8D00_0, 4;
    %mov 12, 0, 1;
    %load/v 13, v011B8E60_0, 5;
    %cmp/u 8, 13, 5;
    %mov 8, 5, 1;
    %ix/load 1, 13, 0;
    %mov 4, 0, 1;
    %jmp/1 T_3.6, 4;
    %load/x1p 9, v011B81A8_0, 1;
    %jmp T_3.7;
T_3.6 ;
    %mov 9, 2, 1;
T_3.7 ;
; Save base=9 wid=1 in lookaside.
    %and 8, 9, 1;
    %jmp/0xz  T_3.8, 8;
    %load/v 8, v011B8E60_0, 5;
    %load/v 13, v011B8D00_0, 4;
    %mov 17, 0, 1;
    %sub 8, 13, 5;
    %set/v v011B89E8_0, 8, 5;
    %load/v 8, v011B81A8_0, 16;
    %set/v v011B8728_0, 8, 14;
    %jmp T_3.9;
T_3.8 ;
    %set/v v011B89E8_0, 0, 5;
    %load/v 8, v011B8E60_0, 5;
    %mov 13, 0, 1;
    %cmpi/u 8, 0, 6;
    %inv 4, 1;
    %jmp/0xz  T_3.10, 4;
    %load/v 8, v011B88E0_0, 14; Only need 14 of 15 bits
; Save base=8 wid=14 in lookaside.
    %load/v 22, v011B8E60_0, 5;
    %mov 27, 0, 3;
    %subi 22, 1, 8;
    %ix/get 0, 22, 8;
    %shiftl/i0  8, 14;
    %set/v v011B8728_0, 8, 14;
    %jmp T_3.11;
T_3.10 ;
    %load/v 8, v011B88E0_0, 14; Only need 14 of 15 bits
; Save base=8 wid=14 in lookaside.
    %set/v v011B8728_0, 8, 14;
T_3.11 ;
T_3.9 ;
T_3.3 ;
    %jmp T_3;
    .thread T_3, $push;
    .scope S_0117BBA8;
T_4 ;
    %delay 0, 0;
    %set/v v011C2240_0, 1, 1;
    %end;
    .thread T_4;
    .scope S_0117BBA8;
T_5 ;
    %delay 10000, 0;
    %load/v 8, v011C2240_0, 1;
    %inv 8, 1;
    %set/v v011C2240_0, 8, 1;
    %jmp T_5;
    .thread T_5;
    .scope S_0117BBA8;
T_6 ;
    %movi 8, 17664, 16;
    %set/v v011C1B60_0, 8, 16;
    %movi 8, 18176, 16;
    %set/v v011C1E20_0, 8, 16;
    %set/v v011C18F8_0, 0, 1;
    %delay 0, 0;
    %set/v v011C1D70_0, 0, 1;
    %delay 5000, 0;
    %set/v v011C1D70_0, 0, 1;
    %delay 10000, 0;
    %set/v v011C1D70_0, 1, 1;
    %set/v v011C18F8_0, 1, 1;
    %delay 50000, 0;
    %load/v 8, v011C2138_0, 16;
    %cmpi/u 8, 18944, 16;
    %jmp/0xz  T_6.0, 4;
    %vpi_call 2 27 "$display", "----------Correct!----------";
    %jmp T_6.1;
T_6.0 ;
    %vpi_call 2 29 "$display", "----------Wrong!----------";
T_6.1 ;
    %vpi_call 2 30 "$display", "Ans:%x, yours:%x\012", 16'b0100101000000000, v011C2138_0;
    %movi 8, 17152, 16;
    %set/v v011C1B60_0, 8, 16;
    %movi 8, 50432, 16;
    %set/v v011C1E20_0, 8, 16;
    %set/v v011C18F8_0, 0, 1;
    %delay 0, 0;
    %set/v v011C1D70_0, 0, 1;
    %delay 5000, 0;
    %set/v v011C1D70_0, 0, 1;
    %delay 10000, 0;
    %set/v v011C1D70_0, 1, 1;
    %set/v v011C18F8_0, 1, 1;
    %delay 50000, 0;
    %load/v 8, v011C2138_0, 16;
    %cmpi/u 8, 48640, 16;
    %jmp/0xz  T_6.2, 4;
    %vpi_call 2 40 "$display", "----------Correct!----------";
    %jmp T_6.3;
T_6.2 ;
    %vpi_call 2 42 "$display", "----------Wrong!----------";
T_6.3 ;
    %vpi_call 2 43 "$display", "Ans:%x, yours:%x\012", 16'b1011111000000000, v011C2138_0;
    %movi 8, 31743, 16;
    %set/v v011C1B60_0, 8, 16;
    %movi 8, 31743, 16;
    %set/v v011C1E20_0, 8, 16;
    %set/v v011C18F8_0, 0, 1;
    %delay 0, 0;
    %set/v v011C1D70_0, 0, 1;
    %delay 5000, 0;
    %set/v v011C1D70_0, 0, 1;
    %delay 10000, 0;
    %set/v v011C1D70_0, 1, 1;
    %set/v v011C18F8_0, 1, 1;
    %delay 50000, 0;
    %vpi_call 2 52 "$display", "----------Exp!----------";
    %vpi_call 2 53 "$display", "Ans:x, yours:%x\012", v011C2138_0;
    %delay 500000, 0;
    %vpi_call 2 54 "$finish";
    %end;
    .thread T_6;
    .scope S_0117BBA8;
T_7 ;
    %vpi_call 2 58 "$dumpfile", "fpadder.vcd";
    %vpi_call 2 59 "$dumpvars";
    %end;
    .thread T_7;
# The file index is used to find the file name in the following table.
:file_names 9;
    "N/A";
    "<interactive>";
    "16bit_adder_testbench.v";
    "./fp_16bit_adder.v";
    "./fp_align.v";
    "./fp_reg_align_cal.v";
    "./fp_cal.v";
    "./fp_reg_cal_norm.v";
    "./fp_norm.v";
