#! /c/iverilog/bin/vvp
:ivl_version "0.9.7 " "(v0_9_7)";
:vpi_time_precision - 12;
:vpi_module "system";
:vpi_module "v2005_math";
:vpi_module "va_math";
S_00F97028 .scope module, "tb_lab" "tb_lab" 2 4;
 .timescale -9 -12;
v00F9A9A8_0 .var "CLK", 0 0;
v00FD33B0_0 .var/s "correct_ans", 64 0;
v00FD3408_0 .var "count", 5 0;
v00FD3460_0 .var "error", 0 0;
v01000600_0 .var "in_a", 31 0;
v01000290_0 .var "in_b", 31 0;
v01000340_0 .net "out", 63 0, v00F9A6D8_0; 1 drivers
v01000658_0 .net "out_valid", 0 0, v00F9A730_0; 1 drivers
v01000398_0 .var "reset", 0 0;
v010002E8_0 .var/s "temp_a", 63 0;
v01000188_0 .var/s "temp_b", 63 0;
S_00F979B8 .scope module, "m1" "lab" 2 18, 3 2, S_00F97028;
 .timescale -9 -12;
v00F99F48_0 .net "CLK", 0 0, v00F9A9A8_0; 1 drivers
v00FFFF50_0 .var "Counter", 6 0;
v00FD6BC8_0 .var "Mplicand", 63 0;
v00FD6C20_0 .var "Mplier", 31 0;
v00F9A6D8_0 .var "Product", 63 0;
v00F9A730_0 .var "Product_Valid", 0 0;
v00F9A788_0 .net "RST", 0 0, v01000398_0; 1 drivers
v00F9A8F8_0 .net "in_a", 31 0, v01000600_0; 1 drivers
v00F9A950_0 .net "in_b", 31 0, v01000290_0; 1 drivers
E_00FC66F0 .event posedge, v00F9A788_0, v00F99F48_0;
    .scope S_00F979B8;
T_0 ;
    %wait E_00FC66F0;
    %load/v 8, v00F9A788_0, 1;
    %jmp/0xz  T_0.0, 8;
    %ix/load 0, 7, 0;
    %assign/v0 v00FFFF50_0, 0, 0;
    %jmp T_0.1;
T_0.0 ;
    %ix/load 0, 1, 0;
    %load/vp0 8, v00FFFF50_0, 7;
    %ix/load 0, 7, 0;
    %assign/v0 v00FFFF50_0, 0, 8;
T_0.1 ;
    %jmp T_0;
    .thread T_0;
    .scope S_00F979B8;
T_1 ;
    %wait E_00FC66F0;
    %load/v 8, v00F9A788_0, 1;
    %jmp/0xz  T_1.0, 8;
    %ix/load 0, 64, 0;
    %assign/v0 v00F9A6D8_0, 0, 0;
    %ix/load 0, 64, 0;
    %assign/v0 v00FD6BC8_0, 0, 0;
    %ix/load 0, 32, 0;
    %assign/v0 v00FD6C20_0, 0, 0;
    %jmp T_1.1;
T_1.0 ;
    %load/v 8, v00FFFF50_0, 7;
    %cmpi/u 8, 0, 7;
    %jmp/0xz  T_1.2, 4;
    %load/v 8, v00F9A8F8_0, 32;
    %mov 40, 0, 32;
    %ix/load 0, 64, 0;
    %assign/v0 v00FD6BC8_0, 0, 8;
    %load/v 8, v00F9A950_0, 32;
    %ix/load 0, 32, 0;
    %assign/v0 v00FD6C20_0, 0, 8;
    %jmp T_1.3;
T_1.2 ;
    %load/v 8, v00FFFF50_0, 7;
   %cmpi/u 8, 32, 7;
    %or 5, 4, 1;
    %jmp/0xz  T_1.4, 5;
    %load/v 8, v00FD6C20_0, 1; Only need 1 of 32 bits
; Save base=8 wid=1 in lookaside.
    %jmp/0xz  T_1.6, 8;
    %load/v 8, v00FD6BC8_0, 64;
    %load/v 72, v00F9A6D8_0, 64;
    %add 8, 72, 64;
    %ix/load 0, 64, 0;
    %assign/v0 v00F9A6D8_0, 0, 8;
T_1.6 ;
    %load/v 8, v00FD6BC8_0, 64;
    %ix/load 0, 1, 0;
    %mov 4, 0, 1;
    %shiftl/i0  8, 64;
    %ix/load 0, 64, 0;
    %assign/v0 v00FD6BC8_0, 0, 8;
    %load/v 8, v00FD6C20_0, 32;
    %ix/load 0, 1, 0;
    %mov 4, 0, 1;
    %shiftr/i0  8, 32;
    %ix/load 0, 32, 0;
    %assign/v0 v00FD6C20_0, 0, 8;
T_1.4 ;
T_1.3 ;
T_1.1 ;
    %jmp T_1;
    .thread T_1;
    .scope S_00F979B8;
T_2 ;
    %wait E_00FC66F0;
    %load/v 8, v00F9A788_0, 1;
    %jmp/0xz  T_2.0, 8;
    %ix/load 0, 1, 0;
    %assign/v0 v00F9A730_0, 0, 0;
    %jmp T_2.1;
T_2.0 ;
    %load/v 8, v00FFFF50_0, 7;
    %cmpi/u 8, 32, 7;
    %jmp/0xz  T_2.2, 4;
    %ix/load 0, 1, 0;
    %assign/v0 v00F9A730_0, 0, 1;
    %jmp T_2.3;
T_2.2 ;
    %ix/load 0, 1, 0;
    %assign/v0 v00F9A730_0, 0, 0;
T_2.3 ;
T_2.1 ;
    %jmp T_2;
    .thread T_2;
    .scope S_00F97028;
T_3 ;
    %vpi_call 2 21 "$dumpfile", "lab11.vcd";
    %vpi_call 2 22 "$dumpvars";
    %set/v v00F9A9A8_0, 0, 1;
    %delay 10000, 0;
    %set/v v01000398_0, 1, 1;
    %movi 8, 30, 64;
    %set/v v010002E8_0, 8, 64;
    %movi 8, 90, 64;
    %set/v v01000188_0, 8, 64;
    %delay 20000, 0;
    %set/v v01000398_0, 0, 1;
    %delay 680000, 0;
    %set/v v01000398_0, 1, 1;
    %movi 8, 30, 64;
    %set/v v010002E8_0, 8, 64;
    %movi 8, 4294967206, 32;
    %movi 40, 4294967295, 32;
    %set/v v01000188_0, 8, 64;
    %delay 20000, 0;
    %set/v v01000398_0, 0, 1;
    %delay 680000, 0;
    %set/v v01000398_0, 1, 1;
    %movi 8, 4294967266, 32;
    %movi 40, 4294967295, 32;
    %set/v v010002E8_0, 8, 64;
    %movi 72, 90, 64;
    %set/v v01000188_0, 72, 64;
    %delay 20000, 0;
    %set/v v01000398_0, 0, 1;
    %delay 680000, 0;
    %set/v v01000398_0, 1, 1;
    %movi 8, 4294967266, 32;
    %movi 40, 4294967295, 32;
    %set/v v010002E8_0, 8, 64;
    %movi 72, 4294967206, 32;
    %movi 104, 4294967295, 32;
    %set/v v01000188_0, 72, 64;
    %delay 20000, 0;
    %set/v v01000398_0, 0, 1;
    %delay 680000, 0;
    %set/v v01000398_0, 1, 1;
    %movi 8, 4294967295, 64;
    %set/v v010002E8_0, 8, 64;
    %movi 8, 4294967295, 64;
    %set/v v01000188_0, 8, 64;
    %delay 20000, 0;
    %set/v v01000398_0, 0, 1;
    %delay 680000, 0;
    %set/v v01000398_0, 1, 1;
    %movi 8, 0, 32;
    %movi 40, 1, 32;
    %set/v v010002E8_0, 8, 64;
    %movi 72, 1, 64;
    %set/v v01000188_0, 72, 64;
    %delay 20000, 0;
    %set/v v01000398_0, 0, 1;
    %delay 680000, 0;
    %set/v v01000398_0, 1, 1;
    %movi 8, 1, 32;
    %movi 40, 1, 32;
    %set/v v010002E8_0, 8, 64;
    %movi 72, 1, 64;
    %set/v v01000188_0, 72, 64;
    %delay 20000, 0;
    %set/v v01000398_0, 0, 1;
    %delay 680000, 0;
    %vpi_call 2 60 "$finish";
    %end;
    .thread T_3;
    .scope S_00F97028;
T_4 ;
    %delay 10000, 0;
    %load/v 8, v00F9A9A8_0, 1;
    %inv 8, 1;
    %set/v v00F9A9A8_0, 8, 1;
    %jmp T_4;
    .thread T_4;
    .scope S_00F97028;
T_5 ;
    %wait E_00FC66F0;
    %load/v 8, v01000398_0, 1;
    %jmp/0xz  T_5.0, 8;
    %ix/load 0, 6, 0;
    %assign/v0 v00FD3408_0, 0, 0;
    %load/v 8, v010002E8_0, 64;
    %ix/load 0, 32, 0;
    %assign/v0 v01000600_0, 0, 8;
    %load/v 8, v01000188_0, 64;
    %ix/load 0, 32, 0;
    %assign/v0 v01000290_0, 0, 8;
    %ix/load 0, 65, 0;
    %assign/v0 v00FD33B0_0, 0, 0;
    %ix/load 0, 1, 0;
    %assign/v0 v00FD3460_0, 0, 0;
    %jmp T_5.1;
T_5.0 ;
    %load/v 8, v010002E8_0, 64;
    %mov 72, 71, 1;
    %load/v 73, v01000188_0, 64;
    %mov 137, 136, 1;
    %mul 8, 73, 65;
    %ix/load 0, 65, 0;
    %assign/v0 v00FD33B0_0, 0, 8;
    %load/v 8, v00FD3408_0, 6;
    %mov 14, 0, 26;
    %addi 8, 1, 32;
    %ix/load 0, 6, 0;
    %assign/v0 v00FD3408_0, 0, 8;
    %load/v 8, v01000658_0, 1;
    %mov 9, 0, 2;
    %cmpi/u 8, 1, 3;
    %jmp/0xz  T_5.2, 4;
    %load/v 8, v01000340_0, 64;
    %mov 72, 0, 1;
    %load/v 73, v00FD33B0_0, 65;
    %cmp/u 8, 73, 65;
    %inv 4, 1;
    %jmp/0xz  T_5.4, 4;
    %ix/load 0, 1, 0;
    %assign/v0 v00FD3460_0, 0, 1;
    %vpi_call 2 85 "$display";
    %vpi_call 2 86 "$display", "// Fail //";
    %vpi_call 2 87 "$display", "//%d * %d = ?", v010002E8_0, v01000188_0;
    %vpi_call 2 88 "$display", "//your answer is %d, but correct answer is %d\012", v01000340_0, v00FD33B0_0;
    %jmp T_5.5;
T_5.4 ;
    %ix/load 0, 1, 0;
    %assign/v0 v00FD3460_0, 0, 0;
    %vpi_call 2 95 "$display";
    %vpi_call 2 96 "$display", "// Successful //";
    %vpi_call 2 97 "$display", "//%d * %d = ?", v010002E8_0, v01000188_0;
    %vpi_call 2 98 "$display", "//your answer is %d,  correct answer is %d\012", v01000340_0, v00FD33B0_0;
T_5.5 ;
T_5.2 ;
T_5.1 ;
    %jmp T_5;
    .thread T_5;
# The file index is used to find the file name in the following table.
:file_names 4;
    "N/A";
    "<interactive>";
    "tb32mpy.v";
    "./32mpy.v";
