#! /c/iverilog/bin/vvp
:ivl_version "0.9.7 " "(v0_9_7)";
:vpi_time_precision - 12;
:vpi_module "system";
:vpi_module "v2005_math";
:vpi_module "va_math";
S_00926FA0 .scope module, "tb_lab" "tb_lab" 2 4;
 .timescale -9 -12;
v00924670_0 .var "CLK", 0 0;
v009246C8_0 .var/s "correct_ans", 64 0;
v00976460_0 .var "count", 5 0;
v0097E400_0 .var "error", 0 0;
v0097E350_0 .var "in_a", 31 0;
v0097E3A8_0 .var "in_b", 31 0;
v0097E5B8_0 .net "out", 63 0, v00987CC8_0; 1 drivers
v0097E198_0 .net "out_valid", 0 0, v0092C990_0; 1 drivers
v0097E508_0 .var "reset", 0 0;
v0097E140_0 .var/s "temp_a", 63 0;
v0097E458_0 .var/s "temp_b", 63 0;
S_00927710 .scope module, "m1" "lab" 2 18, 3 2, S_00926FA0;
 .timescale -9 -12;
v0092A7B0_0 .net "CLK", 0 0, v00924670_0; 1 drivers
v00987DC0_0 .var "Counter", 6 0;
v0092ACD0_0 .var "Mplicand", 63 0;
v00987C70_0 .var "Mplier", 32 0;
v00987CC8_0 .var "Product", 63 0;
v0092C990_0 .var "Product_Valid", 0 0;
v0092C9E8_0 .net "RST", 0 0, v0097E508_0; 1 drivers
v0092CA40_0 .net "in_a", 31 0, v0097E350_0; 1 drivers
v00924618_0 .net "in_b", 31 0, v0097E3A8_0; 1 drivers
E_00972148 .event posedge, v0092C9E8_0, v0092A7B0_0;
    .scope S_00927710;
T_0 ;
    %wait E_00972148;
    %load/v 8, v0092C9E8_0, 1;
    %jmp/0xz  T_0.0, 8;
    %ix/load 0, 7, 0;
    %assign/v0 v00987DC0_0, 0, 0;
    %jmp T_0.1;
T_0.0 ;
    %ix/load 0, 1, 0;
    %load/vp0 8, v00987DC0_0, 7;
    %ix/load 0, 7, 0;
    %assign/v0 v00987DC0_0, 0, 8;
T_0.1 ;
    %jmp T_0;
    .thread T_0;
    .scope S_00927710;
T_1 ;
    %wait E_00972148;
    %load/v 8, v0092C9E8_0, 1;
    %jmp/0xz  T_1.0, 8;
    %ix/load 0, 64, 0;
    %assign/v0 v00987CC8_0, 0, 0;
    %ix/load 0, 64, 0;
    %assign/v0 v0092ACD0_0, 0, 0;
    %ix/load 0, 33, 0;
    %assign/v0 v00987C70_0, 0, 0;
    %jmp T_1.1;
T_1.0 ;
    %load/v 8, v00987DC0_0, 7;
    %cmpi/u 8, 0, 7;
    %jmp/0xz  T_1.2, 4;
    %ix/load 1, 31, 0;
    %mov 4, 0, 1;
    %jmp/1 T_1.4, 4;
    %load/x1p 10, v0092CA40_0, 1;
    %jmp T_1.5;
T_1.4 ;
    %mov 10, 2, 1;
T_1.5 ;
    %mov 8, 10, 1; Move signal select into place
    %mov 9, 0, 1;
    %cmpi/u 8, 0, 2;
    %jmp/0xz  T_1.6, 4;
    %load/v 8, v0092CA40_0, 32;
    %mov 40, 0, 32;
    %set/v v0092ACD0_0, 8, 64;
    %jmp T_1.7;
T_1.6 ;
    %load/v 8, v0092CA40_0, 32;
    %mov 40, 1, 32;
    %set/v v0092ACD0_0, 8, 64;
T_1.7 ;
    %mov 8, 0, 1;
    %load/v 9, v00924618_0, 32;
    %ix/load 0, 33, 0;
    %assign/v0 v00987C70_0, 0, 8;
    %jmp T_1.3;
T_1.2 ;
    %load/v 8, v00987DC0_0, 7;
   %cmpi/u 8, 16, 7;
    %or 5, 4, 1;
    %jmp/0xz  T_1.8, 5;
    %load/v 8, v00987C70_0, 3; Only need 3 of 33 bits
; Save base=8 wid=3 in lookaside.
    %cmpi/u 8, 1, 3;
    %jmp/0xz  T_1.10, 4;
    %load/v 8, v0092ACD0_0, 64;
    %load/v 72, v00987CC8_0, 64;
    %add 8, 72, 64;
    %ix/load 0, 64, 0;
    %assign/v0 v00987CC8_0, 0, 8;
T_1.10 ;
    %load/v 8, v00987C70_0, 3; Only need 3 of 33 bits
; Save base=8 wid=3 in lookaside.
    %cmpi/u 8, 2, 3;
    %jmp/0xz  T_1.12, 4;
    %load/v 8, v0092ACD0_0, 64;
    %load/v 72, v00987CC8_0, 64;
    %add 8, 72, 64;
    %ix/load 0, 64, 0;
    %assign/v0 v00987CC8_0, 0, 8;
T_1.12 ;
    %load/v 8, v00987C70_0, 3; Only need 3 of 33 bits
; Save base=8 wid=3 in lookaside.
    %cmpi/u 8, 3, 3;
    %jmp/0xz  T_1.14, 4;
    %load/v 8, v0092ACD0_0, 64;
    %load/v 72, v0092ACD0_0, 64;
    %add 8, 72, 64;
    %load/v 72, v00987CC8_0, 64;
    %add 8, 72, 64;
    %set/v v00987CC8_0, 8, 64;
T_1.14 ;
    %load/v 8, v00987C70_0, 3; Only need 3 of 33 bits
; Save base=8 wid=3 in lookaside.
    %cmpi/u 8, 4, 3;
    %jmp/0xz  T_1.16, 4;
    %load/v 8, v0092ACD0_0, 64;
    %inv 8, 64;
    %addi 8, 1, 64;
    %load/v 72, v0092ACD0_0, 64;
    %inv 72, 64;
    %add 8, 72, 64;
    %addi 8, 1, 64;
    %load/v 72, v00987CC8_0, 64;
    %add 8, 72, 64;
    %set/v v00987CC8_0, 8, 64;
T_1.16 ;
    %load/v 8, v00987C70_0, 3; Only need 3 of 33 bits
; Save base=8 wid=3 in lookaside.
    %cmpi/u 8, 5, 3;
    %jmp/0xz  T_1.18, 4;
    %load/v 8, v0092ACD0_0, 64;
    %inv 8, 64;
    %addi 8, 1, 64;
    %load/v 72, v00987CC8_0, 64;
    %add 8, 72, 64;
    %ix/load 0, 64, 0;
    %assign/v0 v00987CC8_0, 0, 8;
T_1.18 ;
    %load/v 8, v00987C70_0, 3; Only need 3 of 33 bits
; Save base=8 wid=3 in lookaside.
    %cmpi/u 8, 6, 3;
    %jmp/0xz  T_1.20, 4;
    %load/v 8, v0092ACD0_0, 64;
    %inv 8, 64;
    %addi 8, 1, 64;
    %load/v 72, v00987CC8_0, 64;
    %add 8, 72, 64;
    %ix/load 0, 64, 0;
    %assign/v0 v00987CC8_0, 0, 8;
T_1.20 ;
    %load/v 8, v0092ACD0_0, 64;
    %ix/load 0, 2, 0;
    %mov 4, 0, 1;
    %shiftl/i0  8, 64;
    %ix/load 0, 64, 0;
    %assign/v0 v0092ACD0_0, 0, 8;
    %load/v 8, v00987C70_0, 33;
    %ix/load 0, 2, 0;
    %mov 4, 0, 1;
    %shiftr/i0  8, 33;
    %ix/load 0, 33, 0;
    %assign/v0 v00987C70_0, 0, 8;
T_1.8 ;
T_1.3 ;
T_1.1 ;
    %jmp T_1;
    .thread T_1;
    .scope S_00927710;
T_2 ;
    %wait E_00972148;
    %load/v 8, v0092C9E8_0, 1;
    %jmp/0xz  T_2.0, 8;
    %ix/load 0, 1, 0;
    %assign/v0 v0092C990_0, 0, 0;
    %jmp T_2.1;
T_2.0 ;
    %load/v 8, v00987DC0_0, 7;
    %cmpi/u 8, 32, 7;
    %jmp/0xz  T_2.2, 4;
    %ix/load 0, 1, 0;
    %assign/v0 v0092C990_0, 0, 1;
    %jmp T_2.3;
T_2.2 ;
    %ix/load 0, 1, 0;
    %assign/v0 v0092C990_0, 0, 0;
T_2.3 ;
T_2.1 ;
    %jmp T_2;
    .thread T_2;
    .scope S_00926FA0;
T_3 ;
    %vpi_call 2 21 "$dumpfile", "lab11.vcd";
    %vpi_call 2 22 "$dumpvars";
    %set/v v00924670_0, 0, 1;
    %delay 10000, 0;
    %set/v v0097E508_0, 1, 1;
    %movi 8, 30, 64;
    %set/v v0097E140_0, 8, 64;
    %movi 8, 90, 64;
    %set/v v0097E458_0, 8, 64;
    %delay 20000, 0;
    %set/v v0097E508_0, 0, 1;
    %delay 680000, 0;
    %set/v v0097E508_0, 1, 1;
    %movi 8, 30, 64;
    %set/v v0097E140_0, 8, 64;
    %movi 8, 4294967206, 32;
    %movi 40, 4294967295, 32;
    %set/v v0097E458_0, 8, 64;
    %delay 20000, 0;
    %set/v v0097E508_0, 0, 1;
    %delay 680000, 0;
    %set/v v0097E508_0, 1, 1;
    %movi 8, 4294967266, 32;
    %movi 40, 4294967295, 32;
    %set/v v0097E140_0, 8, 64;
    %movi 72, 90, 64;
    %set/v v0097E458_0, 72, 64;
    %delay 20000, 0;
    %set/v v0097E508_0, 0, 1;
    %delay 680000, 0;
    %set/v v0097E508_0, 1, 1;
    %movi 8, 4294967266, 32;
    %movi 40, 4294967295, 32;
    %set/v v0097E140_0, 8, 64;
    %movi 72, 4294967206, 32;
    %movi 104, 4294967295, 32;
    %set/v v0097E458_0, 72, 64;
    %delay 20000, 0;
    %set/v v0097E508_0, 0, 1;
    %delay 680000, 0;
    %vpi_call 2 45 "$finish";
    %end;
    .thread T_3;
    .scope S_00926FA0;
T_4 ;
    %delay 10000, 0;
    %load/v 8, v00924670_0, 1;
    %inv 8, 1;
    %set/v v00924670_0, 8, 1;
    %jmp T_4;
    .thread T_4;
    .scope S_00926FA0;
T_5 ;
    %wait E_00972148;
    %load/v 8, v0097E508_0, 1;
    %jmp/0xz  T_5.0, 8;
    %ix/load 0, 6, 0;
    %assign/v0 v00976460_0, 0, 0;
    %load/v 8, v0097E140_0, 64;
    %ix/load 0, 32, 0;
    %assign/v0 v0097E350_0, 0, 8;
    %load/v 8, v0097E458_0, 64;
    %ix/load 0, 32, 0;
    %assign/v0 v0097E3A8_0, 0, 8;
    %ix/load 0, 65, 0;
    %assign/v0 v009246C8_0, 0, 0;
    %ix/load 0, 1, 0;
    %assign/v0 v0097E400_0, 0, 0;
    %jmp T_5.1;
T_5.0 ;
    %load/v 8, v0097E140_0, 64;
    %mov 72, 71, 1;
    %load/v 73, v0097E458_0, 64;
    %mov 137, 136, 1;
    %mul 8, 73, 65;
    %ix/load 0, 65, 0;
    %assign/v0 v009246C8_0, 0, 8;
    %load/v 8, v00976460_0, 6;
    %mov 14, 0, 26;
    %addi 8, 1, 32;
    %ix/load 0, 6, 0;
    %assign/v0 v00976460_0, 0, 8;
    %load/v 8, v0097E198_0, 1;
    %mov 9, 0, 2;
    %cmpi/u 8, 1, 3;
    %jmp/0xz  T_5.2, 4;
    %load/v 8, v0097E5B8_0, 64;
    %mov 72, 71, 1;
    %load/v 73, v009246C8_0, 65;
    %cmp/u 8, 73, 65;
    %inv 4, 1;
    %jmp/0xz  T_5.4, 4;
    %ix/load 0, 1, 0;
    %assign/v0 v0097E400_0, 0, 1;
    %vpi_call 2 70 "$display";
    %vpi_call 2 71 "$display", "// Fail //";
    %vpi_call 2 72 "$display", "//%d * %d = ?", v0097E140_0, v0097E458_0;
    %load/v 8, v0097E5B8_0, 64;
    %vpi_call 2 73 "$display", "//your answer is %d, but correct answer is %d\012", T<8,64,s>, v009246C8_0;
    %jmp T_5.5;
T_5.4 ;
    %ix/load 0, 1, 0;
    %assign/v0 v0097E400_0, 0, 0;
    %vpi_call 2 80 "$display";
    %vpi_call 2 81 "$display", "// Successful //";
    %vpi_call 2 82 "$display", "//%d * %d = ?", v0097E140_0, v0097E458_0;
    %load/v 8, v0097E5B8_0, 64;
    %vpi_call 2 83 "$display", "//your answer is %d,  correct answer is %d\012", T<8,64,s>, v009246C8_0;
T_5.5 ;
T_5.2 ;
T_5.1 ;
    %jmp T_5;
    .thread T_5;
# The file index is used to find the file name in the following table.
:file_names 4;
    "N/A";
    "<interactive>";
    "tbModify32boothmpy.v";
    "./Modify32boothmpy.v";
